#
# A fatal error has been detected by the Java Runtime Environment:
#
#  Internal Error (javaCalls.cpp:53), pid=4432, tid=4756
#  guarantee(!thread->is_Compiler_thread()) failed: cannot make java calls from the compiler
#
# JRE version: Java(TM) SE Runtime Environment (8.0_74-b02) (build 1.8.0_74-b02)
# Java VM: Java HotSpot(TM) 64-Bit Server VM (25.74-b02 mixed mode windows-amd64 compressed oops)
# Failed to write core dump. Minidumps are not enabled by default on client versions of Windows
#
# If you would like to submit a bug report, please visit:
#   http://bugreport.java.com/bugreport/crash.jsp
#

---------------  T H R E A D  ---------------

Current thread (0x000000001f8f7800):  JavaThread "C1 CompilerThread1" daemon [_thread_in_vm, id=4756, stack(0x0000000020800000,0x0000000020900000)]

Stack: [0x0000000020800000,0x0000000020900000]
[error occurred during error reporting (printing stack bounds), id 0xc0000005]

Native frames: (J=compiled Java code, j=interpreted, Vv=VM code, C=native code)


Current CompileTask:
C1:  16432 1792       3       javafx.scene.Node::computeDerivedDepthTest (71 bytes)


---------------  P R O C E S S  ---------------

Java Threads: ( => current thread )
  0x00000000215c8000 JavaThread "Prism Font Disposer" daemon [_thread_blocked, id=5980, stack(0x0000000028710000,0x0000000028810000)]
  0x000000002140c000 JavaThread "Thread-10" [_thread_blocked, id=6560, stack(0x0000000024d80000,0x0000000024e80000)]
  0x000000002133b800 JavaThread "Thread-9" [_thread_blocked, id=2572, stack(0x0000000023980000,0x0000000023a80000)]
  0x0000000020fce000 JavaThread "JavaFX-Launcher" [_thread_blocked, id=6356, stack(0x0000000023c70000,0x0000000023d70000)]
  0x0000000020fd3000 JavaThread "Thread-7" daemon [_thread_in_native, id=5520, stack(0x0000000023a80000,0x0000000023b80000)]
  0x0000000020f08000 JavaThread "JavaFX Application Thread" [_thread_blocked, id=6036, stack(0x0000000021c30000,0x0000000021d30000)]
  0x0000000020f02000 JavaThread "Thread-6" daemon [_thread_blocked, id=3160, stack(0x0000000021aa0000,0x0000000021ba0000)]
  0x0000000020ee7000 JavaThread "QuantumRenderer-0" daemon [_thread_blocked, id=3820, stack(0x00000000217c0000,0x00000000218c0000)]
  0x000000001f91d000 JavaThread "Service Thread" daemon [_thread_blocked, id=6504, stack(0x0000000020940000,0x0000000020a40000)]
=>0x000000001f8f7800 JavaThread "C1 CompilerThread1" daemon [_thread_in_vm, id=4756, stack(0x0000000020800000,0x0000000020900000)]
  0x000000001f8ad800 JavaThread "C2 CompilerThread0" daemon [_thread_blocked, id=5280, stack(0x0000000020620000,0x0000000020720000)]
  0x000000001e3e3000 JavaThread "*** Profiler Agent Special Execution Thread 6" daemon [_thread_blocked, id=4364, stack(0x000000001fd40000,0x000000001fe40000)]
  0x000000001f75f800 JavaThread "*** JFluid Monitor thread ***" daemon [_thread_blocked, id=404, stack(0x000000001fef0000,0x000000001fff0000)]
  0x000000001f76d000 JavaThread "*** Profiler Agent Communication Thread" daemon [_thread_in_native, id=5320, stack(0x000000001fbc0000,0x000000001fcc0000)]
  0x000000001e390000 JavaThread "Attach Listener" daemon [_thread_blocked, id=1680, stack(0x000000001f440000,0x000000001f540000)]
  0x000000001e38e800 JavaThread "Signal Dispatcher" daemon [_thread_blocked, id=3292, stack(0x000000001eee0000,0x000000001efe0000)]
  0x000000001e374000 JavaThread "Finalizer" daemon [_thread_blocked, id=4684, stack(0x000000001f180000,0x000000001f280000)]
  0x000000001e330000 JavaThread "Reference Handler" daemon [_thread_blocked, id=6460, stack(0x000000001efe0000,0x000000001f0e0000)]
  0x0000000002170000 JavaThread "main" [_thread_blocked, id=4376, stack(0x00000000024e0000,0x00000000025e0000)]

Other Threads:
  0x000000001e321000 VMThread [stack: 0x000000001ed30000,0x000000001ee30000] [id=7104]
  0x000000001f942000 WatcherThread [stack: 0x0000000020b40000,0x0000000020c40000] [id=6940]

VM state:not at safepoint (normal execution)

VM Mutex/Monitor currently owned by a thread:  ([mutex/lock_event])
[0x000000000231f080] MethodData_lock - owner thread: 0x000000001f8f7800

Heap:
 PSYoungGen      total 305664K, used 14216K [0x0000000755580000, 0x000000076aa80000, 0x00000007c0000000)
  eden space 262144K, 5% used [0x0000000755580000,0x0000000756362210,0x0000000765580000)
  from space 43520K, 0% used [0x0000000765580000,0x0000000765580000,0x0000000768000000)
  to   space 43520K, 0% used [0x0000000768000000,0x0000000768000000,0x000000076aa80000)
 ParOldGen       total 699392K, used 8748K [0x0000000680000000, 0x00000006aab00000, 0x0000000755580000)
  object space 699392K, 1% used [0x0000000680000000,0x000000068088b100,0x00000006aab00000)
 Metaspace       used 20303K, capacity 21590K, committed 21632K, reserved 1067008K
  class space    used 2938K, capacity 3178K, committed 3200K, reserved 1048576K

Card table byte_map: [0x0000000011c70000,0x0000000012680000] byte_map_base: 0x000000000e870000

Marking Bits: (ParMarkBitMap*) 0x000000006ab20600
 Begin Bits: [0x0000000012ff0000, 0x0000000017ff0000)
 End Bits:   [0x0000000017ff0000, 0x000000001cff0000)

Polling page: 0x0000000000130000

CodeCache: size=245760Kb used=6556Kb max_used=6567Kb free=239203Kb
 bounds [0x00000000028b0000, 0x0000000002f20000, 0x00000000118b0000]
 total_blobs=2425 nmethods=1794 adapters=545
 compilation: enabled

Compilation events (10 events):
Event: 16.234 Thread 0x000000001f8f7800 nmethod 1789 0x0000000002f09710 code [0x0000000002f098a0, 0x0000000002f09ce8]
Event: 16.234 Thread 0x000000001f8f7800 1790       3       java.lang.invoke.TypeConvertingMethodAdapter::cast (42 bytes)
Event: 16.234 Thread 0x000000001f8ad800 1795       4       jdk.internal.org.objectweb.asm.ByteVector::put12 (64 bytes)
Event: 16.235 Thread 0x000000001f8f7800 nmethod 1790 0x0000000002f12a10 code [0x0000000002f12bc0, 0x0000000002f13168]
Event: 16.235 Thread 0x000000001f8f7800 1791       3       javafx.scene.Node$1::invalidated (236 bytes)
Event: 16.236 Thread 0x000000001f8ad800 nmethod 1795 0x0000000002f092d0 code [0x0000000002f09420, 0x0000000002f095a8]
Event: 16.240 Thread 0x000000001f8f7800 nmethod 1791 0x0000000002f160d0 code [0x0000000002f166e0, 0x0000000002f1ae98]
Event: 16.240 Thread 0x000000001f8f7800 1792       3       javafx.scene.Node::computeDerivedDepthTest (71 bytes)
Event: 16.392 Thread 0x000000001f8ad800 1799       4       jdk.internal.org.objectweb.asm.Item::isEqualTo (354 bytes)
Event: 16.400 Thread 0x000000001f8ad800 nmethod 1799 0x0000000002f13c10 code [0x0000000002f13ec0, 0x0000000002f14658]

GC Heap History (4 events):
Event: 16.240 GC heap before
{Heap before GC invocations=1 (full 0):
 PSYoungGen      total 305664K, used 136316K [0x0000000755580000, 0x000000076aa80000, 0x00000007c0000000)
  eden space 262144K, 52% used [0x0000000755580000,0x000000075da9f240,0x0000000765580000)
  from space 43520K, 0% used [0x0000000768000000,0x0000000768000000,0x000000076aa80000)
  to   space 43520K, 0% used [0x0000000765580000,0x0000000765580000,0x0000000768000000)
 ParOldGen       total 699392K, used 0K [0x0000000680000000, 0x00000006aab00000, 0x0000000755580000)
  object space 699392K, 0% used [0x0000000680000000,0x0000000680000000,0x00000006aab00000)
 Metaspace       used 20134K, capacity 21202K, committed 21296K, reserved 1067008K
  class space    used 2898K, capacity 3106K, committed 3200K, reserved 1048576K
Event: 16.278 GC heap after
Heap after GC invocations=1 (full 0):
 PSYoungGen      total 305664K, used 8739K [0x0000000755580000, 0x000000076aa80000, 0x00000007c0000000)
  eden space 262144K, 0% used [0x0000000755580000,0x0000000755580000,0x0000000765580000)
  from space 43520K, 20% used [0x0000000765580000,0x0000000765e08ff0,0x0000000768000000)
  to   space 43520K, 0% used [0x0000000768000000,0x0000000768000000,0x000000076aa80000)
 ParOldGen       total 699392K, used 88K [0x0000000680000000, 0x00000006aab00000, 0x0000000755580000)
  object space 699392K, 0% used [0x0000000680000000,0x0000000680016010,0x00000006aab00000)
 Metaspace       used 20134K, capacity 21202K, committed 21296K, reserved 1067008K
  class space    used 2898K, capacity 3106K, committed 3200K, reserved 1048576K
}
Event: 16.278 GC heap before
{Heap before GC invocations=2 (full 1):
 PSYoungGen      total 305664K, used 8739K [0x0000000755580000, 0x000000076aa80000, 0x00000007c0000000)
  eden space 262144K, 0% used [0x0000000755580000,0x0000000755580000,0x0000000765580000)
  from space 43520K, 20% used [0x0000000765580000,0x0000000765e08ff0,0x0000000768000000)
  to   space 43520K, 0% used [0x0000000768000000,0x0000000768000000,0x000000076aa80000)
 ParOldGen       total 699392K, used 88K [0x0000000680000000, 0x00000006aab00000, 0x0000000755580000)
  object space 699392K, 0% used [0x0000000680000000,0x0000000680016010,0x00000006aab00000)
 Metaspace       used 20134K, capacity 21202K, committed 21296K, reserved 1067008K
  class space    used 2898K, capacity 3106K, committed 3200K, reserved 1048576K
Event: 16.382 GC heap after
Heap after GC invocations=2 (full 1):
 PSYoungGen      total 305664K, used 0K [0x0000000755580000, 0x000000076aa80000, 0x00000007c0000000)
  eden space 262144K, 0% used [0x0000000755580000,0x0000000755580000,0x0000000765580000)
  from space 43520K, 0% used [0x0000000765580000,0x0000000765580000,0x0000000768000000)
  to   space 43520K, 0% used [0x0000000768000000,0x0000000768000000,0x000000076aa80000)
 ParOldGen       total 699392K, used 8748K [0x0000000680000000, 0x00000006aab00000, 0x0000000755580000)
  object space 699392K, 1% used [0x0000000680000000,0x000000068088b100,0x00000006aab00000)
 Metaspace       used 20134K, capacity 21202K, committed 21296K, reserved 1067008K
  class space    used 2898K, capacity 3106K, committed 3200K, reserved 1048576K
}

Deoptimization events (10 events):
Event: 15.763 Thread 0x0000000020f08000 Uncommon trap: reason=class_check action=maybe_recompile pc=0x0000000002dd9ce8 method=javafx.scene.Node.getParent()Ljavafx/scene/Parent; @ 18
Event: 15.763 Thread 0x0000000020f08000 Uncommon trap: reason=class_check action=maybe_recompile pc=0x0000000002dd9ce8 method=javafx.scene.Node.getParent()Ljavafx/scene/Parent; @ 18
Event: 15.763 Thread 0x0000000020f08000 Uncommon trap: reason=class_check action=maybe_recompile pc=0x0000000002dd9ce8 method=javafx.scene.Node.getParent()Ljavafx/scene/Parent; @ 18
Event: 15.853 Thread 0x0000000020f08000 Uncommon trap: reason=unstable_if action=reinterpret pc=0x0000000002cff8a4 method=javafx.beans.property.ObjectPropertyBase.get()Ljava/lang/Object; @ 9
Event: 15.975 Thread 0x0000000020f08000 Uncommon trap: reason=unstable_if action=reinterpret pc=0x0000000002da45ec method=java.lang.ClassLoader.checkName(Ljava/lang/String;)Z @ 20
Event: 16.154 Thread 0x0000000020f08000 Uncommon trap: reason=array_check action=maybe_recompile pc=0x0000000002f08c98 method=com.sun.javafx.css.SimpleSelector.applies(Ljavafx/css/Styleable;[Ljava/util/Set;I)Z @ 37
Event: 16.155 Thread 0x0000000020f08000 Uncommon trap: reason=array_check action=maybe_recompile pc=0x0000000002efd930 method=com.sun.javafx.css.SimpleSelector.applies(Ljavafx/css/Styleable;[Ljava/util/Set;I)Z @ 37
Event: 16.155 Thread 0x0000000020f08000 Uncommon trap: reason=array_check action=maybe_recompile pc=0x0000000002efd930 method=com.sun.javafx.css.SimpleSelector.applies(Ljavafx/css/Styleable;[Ljava/util/Set;I)Z @ 37
Event: 16.155 Thread 0x0000000020f08000 Uncommon trap: reason=array_check action=maybe_recompile pc=0x0000000002efd930 method=com.sun.javafx.css.SimpleSelector.applies(Ljavafx/css/Styleable;[Ljava/util/Set;I)Z @ 37
Event: 16.155 Thread 0x0000000020f08000 Uncommon trap: reason=array_check action=maybe_recompile pc=0x0000000002f08c98 method=com.sun.javafx.css.SimpleSelector.applies(Ljavafx/css/Styleable;[Ljava/util/Set;I)Z @ 37

Internal exceptions (10 events):
Event: 2.955 Thread 0x0000000002170000 Exception <a 'java/lang/ArrayIndexOutOfBoundsException': 22> (0x0000000755735078) thrown at [C:\re\workspace\8-2-build-windows-amd64-cygwin\jdk8u74\6087\hotspot\src\share\vm\interpreter\interpreterRuntime.cpp, line 366]
Event: 11.339 Thread 0x000000001f83d000 Exception <a 'java/lang/ClassNotFoundException': com/sun/tools/attach/VirtualMachine> (0x00000007569fb2e0) thrown at [C:\re\workspace\8-2-build-windows-amd64-cygwin\jdk8u74\6087\hotspot\src\share\vm\classfile\systemDictionary.cpp, line 210]
Event: 11.655 Thread 0x0000000002170000 Exception <a 'java/lang/NoSuchFieldError': method resolution failed> (0x0000000755850e60) thrown at [C:\re\workspace\8-2-build-windows-amd64-cygwin\jdk8u74\6087\hotspot\src\share\vm\prims\methodHandles.cpp, line 1146]
Event: 11.656 Thread 0x0000000002170000 Exception <a 'java/lang/NoSuchFieldError': method resolution failed> (0x000000075585e180) thrown at [C:\re\workspace\8-2-build-windows-amd64-cygwin\jdk8u74\6087\hotspot\src\share\vm\prims\methodHandles.cpp, line 1146]
Event: 11.684 Thread 0x0000000002170000 Exception <a 'java/lang/NullPointerException'> (0x00000007558d7198) thrown at [C:\re\workspace\8-2-build-windows-amd64-cygwin\jdk8u74\6087\hotspot\src\share\vm\interpreter\linkResolver.cpp, line 1178]
Event: 12.524 Thread 0x0000000020f08000 Exception <a 'java/lang/NullPointerException'> (0x00000007588532c8) thrown at [C:\re\workspace\8-2-build-windows-amd64-cygwin\jdk8u74\6087\hotspot\src\share\vm\interpreter\linkResolver.cpp, line 1178]
Event: 12.524 Thread 0x0000000020f08000 Exception <a 'java/lang/NullPointerException'> (0x00000007588532c8) thrown at [C:\re\workspace\8-2-build-windows-amd64-cygwin\jdk8u74\6087\hotspot\src\share\vm\prims\jvm.cpp, line 1390]
Event: 12.596 Thread 0x000000001f76d000 Implicit null exception at 0x0000000002ac74d6 to 0x0000000002ac77f5
Event: 15.456 Thread 0x0000000020f08000 Implicit null exception at 0x0000000002bcd9b5 to 0x0000000002bcdba9
Event: 15.456 Thread 0x0000000020f08000 Implicit null exception at 0x0000000002be295b to 0x0000000002be2f71

Events (10 events):
Event: 16.398 loading class javafx/scene/layout/GridPane
Event: 16.398 loading class javafx/scene/layout/GridPane done
Event: 16.400 loading class javafx/event/Event
Event: 16.400 loading class javafx/event/Event done
Event: 16.400 loading class javafx/scene/input/MouseEvent
Event: 16.400 loading class javafx/scene/input/MouseEvent done
Event: 16.400 loading class javafx/scene/input/MouseEvent
Event: 16.400 loading class javafx/scene/input/MouseEvent done
Event: 16.400 loading class javafx/event/EventHandler
Event: 16.400 loading class javafx/event/EventHandler done


Dynamic libraries:
0x000000013f490000 - 0x000000013f4c7000 	C:\Program Files\Java\jdk1.8.0_74\bin\java.exe
0x00000000778f0000 - 0x0000000077a9a000 	C:\Windows\SYSTEM32\ntdll.dll
0x00000000776d0000 - 0x00000000777ef000 	C:\Windows\system32\kernel32.dll
0x000007fefd6d0000 - 0x000007fefd73a000 	C:\Windows\system32\KERNELBASE.dll
0x000007fefdb20000 - 0x000007fefdbfb000 	C:\Windows\system32\ADVAPI32.dll
0x000007fefda80000 - 0x000007fefdb1f000 	C:\Windows\system32\msvcrt.dll
0x000007fefdfc0000 - 0x000007fefdfdf000 	C:\Windows\SYSTEM32\sechost.dll
0x000007feff530000 - 0x000007feff65d000 	C:\Windows\system32\RPCRT4.dll
0x00000000777f0000 - 0x00000000778ea000 	C:\Windows\system32\USER32.dll
0x000007fefdfe0000 - 0x000007fefe047000 	C:\Windows\system32\GDI32.dll
0x000007feff660000 - 0x000007feff66e000 	C:\Windows\system32\LPK.dll
0x000007feff800000 - 0x000007feff8ca000 	C:\Windows\system32\USP10.dll
0x000007fefc070000 - 0x000007fefc264000 	C:\Windows\WinSxS\amd64_microsoft.windows.common-controls_6595b64144ccf1df_6.0.7601.18837_none_fa3b1e3d17594757\COMCTL32.dll
0x000007fefdc20000 - 0x000007fefdc91000 	C:\Windows\system32\SHLWAPI.dll
0x000007fefef80000 - 0x000007fefefae000 	C:\Windows\system32\IMM32.DLL
0x000007feff6f0000 - 0x000007feff7f9000 	C:\Windows\system32\MSCTF.dll
0x00000000740e0000 - 0x00000000741b2000 	C:\Program Files\Java\jdk1.8.0_74\jre\bin\msvcr100.dll
0x000000006a310000 - 0x000000006aba0000 	C:\Program Files\Java\jdk1.8.0_74\jre\bin\server\jvm.dll
0x000007fefa720000 - 0x000007fefa729000 	C:\Windows\system32\WSOCK32.dll
0x000007fefda30000 - 0x000007fefda7d000 	C:\Windows\system32\WS2_32.dll
0x000007fefede0000 - 0x000007fefede8000 	C:\Windows\system32\NSI.dll
0x000007fefb420000 - 0x000007fefb45b000 	C:\Windows\system32\WINMM.dll
0x000007fefcae0000 - 0x000007fefcaec000 	C:\Windows\system32\VERSION.dll
0x0000000077ab0000 - 0x0000000077ab7000 	C:\Windows\system32\PSAPI.DLL
0x00000000752f0000 - 0x00000000752ff000 	C:\Program Files\Java\jdk1.8.0_74\jre\bin\verify.dll
0x00000000752c0000 - 0x00000000752e9000 	C:\Program Files\Java\jdk1.8.0_74\jre\bin\java.dll
0x000007fefc060000 - 0x000007fefc06f000 	C:\Program Files\NetBeans 8.1\profiler\lib\deployed\jdk16\windows-amd64\profilerinterface.dll
0x00000000750f0000 - 0x0000000075106000 	C:\Program Files\Java\jdk1.8.0_74\jre\bin\zip.dll
0x000007fefe050000 - 0x000007fefedd9000 	C:\Windows\system32\SHELL32.dll
0x000007feff320000 - 0x000007feff523000 	C:\Windows\system32\ole32.dll
0x000007fefd670000 - 0x000007fefd67f000 	C:\Windows\system32\profapi.dll
0x0000000075260000 - 0x000000007527a000 	C:\Program Files\Java\jdk1.8.0_74\jre\bin\net.dll
0x000007fefce00000 - 0x000007fefce55000 	C:\Windows\system32\mswsock.dll
0x000007fefd070000 - 0x000007fefd077000 	C:\Windows\System32\wship6.dll
0x0000000066150000 - 0x000000006615d000 	C:\Program Files\Java\jdk1.8.0_74\jre\bin\management.dll
0x0000000075020000 - 0x0000000075031000 	C:\Program Files\Java\jdk1.8.0_74\jre\bin\nio.dll
0x000007fefce60000 - 0x000007fefce78000 	C:\Windows\system32\CRYPTSP.dll
0x000007fefcb70000 - 0x000007fefcbb7000 	C:\Windows\system32\rsaenh.dll
0x000007fefd8e0000 - 0x000007fefd8fe000 	C:\Windows\system32\USERENV.dll
0x000007fefd510000 - 0x000007fefd51f000 	C:\Windows\system32\CRYPTBASE.dll
0x000007fefada0000 - 0x000007fefadc7000 	C:\Windows\system32\IPHLPAPI.DLL
0x000007fefae10000 - 0x000007fefae1b000 	C:\Windows\system32\WINNSI.DLL
0x000007fefac80000 - 0x000007fefac91000 	C:\Windows\system32\dhcpcsvc6.DLL
0x000007fefac60000 - 0x000007fefac78000 	C:\Windows\system32\dhcpcsvc.DLL
0x000007fefb050000 - 0x000007fefb065000 	C:\Windows\system32\NLAapi.dll
0x000007fef62b0000 - 0x000007fef62c5000 	C:\Windows\system32\napinsp.dll
0x000007fef6290000 - 0x000007fef62a9000 	C:\Windows\system32\pnrpnsp.dll
0x000007fefcc90000 - 0x000007fefcceb000 	C:\Windows\system32\DNSAPI.dll
0x000007fef6280000 - 0x000007fef628b000 	C:\Windows\System32\winrnr.dll
0x000007fefc810000 - 0x000007fefc817000 	C:\Windows\System32\wshtcpip.dll
0x000007fef9f50000 - 0x000007fef9f58000 	C:\Windows\system32\rasadhlp.dll
0x000007fefad10000 - 0x000007fefad63000 	C:\Windows\System32\fwpuclnt.dll
0x000007fef2810000 - 0x000007fef28ff000 	C:\Program Files\Java\jdk1.8.0_74\jre\bin\msvcr120.dll
0x000007fef23a0000 - 0x000007fef2446000 	C:\Program Files\Java\jdk1.8.0_74\jre\bin\msvcp120.dll
0x000000006b850000 - 0x000000006b873000 	C:\Program Files\Java\jdk1.8.0_74\jre\bin\prism_d3d.dll
0x000007fef6640000 - 0x000007fef683f000 	C:\Windows\system32\d3d9.dll
0x000007fef6630000 - 0x000007fef6637000 	C:\Windows\system32\d3d8thk.dll
0x000007fefb460000 - 0x000007fefb478000 	C:\Windows\system32\dwmapi.dll
0x000007fefbd60000 - 0x000007fefbdb6000 	C:\Windows\system32\uxtheme.dll
0x0000000180000000 - 0x0000000180656000 	C:\Windows\system32\igdumd64.dll
0x000000006b800000 - 0x000000006b843000 	C:\Program Files\Java\jdk1.8.0_74\jre\bin\glass.dll
0x000007feffb60000 - 0x000007feffbf7000 	C:\Windows\system32\COMDLG32.dll
0x000007fefdee0000 - 0x000007fefdfb8000 	C:\Windows\system32\OLEAUT32.dll
0x000000006c460000 - 0x000000006c469000 	C:\Program Files\Java\jdk1.8.0_74\jre\bin\attach.dll
0x000000006b7e0000 - 0x000000006b7f4000 	C:\Program Files\Java\jdk1.8.0_74\jre\bin\javafx_font.dll
0x0000000062d80000 - 0x0000000062da6000 	C:\Users\stefankoch\Documents\R\R-3.2.3\library\rJava\jri\jri.dll
0x000000006c700000 - 0x000000006e078000 	C:\Program Files\Java\jdk1.8.0_74\bin\R.dll
0x0000000064e80000 - 0x0000000064eda000 	C:\Program Files\Java\jdk1.8.0_74\bin\Rblas.dll
0x00000000641c0000 - 0x00000000641e5000 	C:\Program Files\Java\jdk1.8.0_74\bin\Riconv.dll
0x0000000063540000 - 0x00000000635b0000 	C:\Program Files\Java\jdk1.8.0_74\bin\Rgraphapp.dll
0x000007fefb4c0000 - 0x000007fefb4c7000 	C:\Windows\system32\MSIMG32.dll
0x000000006e5c0000 - 0x000000006e5e8000 	C:\Program Files\R\R-3.2.3\library\utils\libs\x64\utils.dll
0x0000000064a40000 - 0x0000000064a53000 	C:\Program Files\R\R-3.2.3\library\methods\libs\x64\methods.dll
0x000000006fc80000 - 0x000000006fd89000 	C:\Program Files\R\R-3.2.3\library\grDevices\libs\x64\grDevices.dll
0x0000000063740000 - 0x0000000063785000 	C:\Program Files\R\R-3.2.3\library\graphics\libs\x64\graphics.dll
0x0000000071100000 - 0x00000000711a3000 	C:\Program Files\R\R-3.2.3\library\stats\libs\x64\stats.dll
0x0000000025fe0000 - 0x0000000026279000 	C:\Program Files\Java\jdk1.8.0_74\bin\Rlapack.dll
0x0000000067440000 - 0x0000000067453000 	C:\Program Files\R\R-3.2.3\library\waveslim\libs\x64\waveslim.dll
0x00000000648c0000 - 0x00000000648cd000 	C:\Program Files\R\R-3.2.3\library\MassSpecWavelet\libs\x64\MassSpecWavelet.dll
0x000000006ed40000 - 0x000000006ed51000 	C:\Program Files\R\R-3.2.3\library\MASS\libs\x64\MASS.dll
0x0000000026420000 - 0x000000002642f000 	C:\Program Files\R\R-3.2.3\library\signal\libs\x64\signal.dll
0x0000000026430000 - 0x000000002644e000 	C:\Program Files\R\R-3.2.3\library\tools\libs\x64\tools.dll
0x000007fef0820000 - 0x000007fef09b7000 	C:\Windows\system32\dwrite.dll
0x000007fefefb0000 - 0x000007feff049000 	C:\Windows\system32\CLBCatQ.DLL
0x000007fefb230000 - 0x000007fefb391000 	C:\Windows\system32\WindowsCodecs.dll
0x000007fefd4b0000 - 0x000007fefd507000 	C:\Windows\system32\apphelp.dll
0x000007fef41b0000 - 0x000007fef41e5000 	C:\Windows\system32\EhStorShell.dll
0x000007fefdca0000 - 0x000007fefde77000 	C:\Windows\system32\SETUPAPI.dll
0x000007fefd690000 - 0x000007fefd6c6000 	C:\Windows\system32\CFGMGR32.dll
0x000007fefd910000 - 0x000007fefd92a000 	C:\Windows\system32\DEVOBJ.dll
0x000007fefbdc0000 - 0x000007fefbeec000 	C:\Windows\system32\PROPSYS.dll
0x000007fef3860000 - 0x000007fef3ed1000 	C:\PROGRA~1\MICROS~1\Office14\GROOVEEX.DLL
0x000000006c330000 - 0x000000006c3cd000 	C:\Windows\WinSxS\amd64_microsoft.vc90.crt_1fc8b3b9a1e18e3b_9.0.30729.4940_none_08e4299fa83d7e3c\MSVCR90.dll
0x000000006c250000 - 0x000000006c323000 	C:\Windows\WinSxS\amd64_microsoft.vc90.crt_1fc8b3b9a1e18e3b_9.0.30729.4940_none_08e4299fa83d7e3c\MSVCP90.dll
0x000000006c220000 - 0x000000006c24f000 	C:\Windows\WinSxS\amd64_microsoft.vc90.atl_1fc8b3b9a1e18e3b_9.0.30729.4148_none_0a1d2fcba76b3f00\ATL90.DLL
0x000007fef3450000 - 0x000007fef385f000 	C:\PROGRA~1\COMMON~1\MICROS~1\OFFICE14\Cultures\office.odf
0x000007fef4130000 - 0x000007fef41ae000 	C:\Windows\System32\cscui.dll
0x000007fef4270000 - 0x000007fef427c000 	C:\Windows\System32\CSCDLL.dll
0x000007fef5e40000 - 0x000007fef5e4f000 	C:\Windows\system32\CSCAPI.dll
0x000007fef40b0000 - 0x000007fef4130000 	C:\Windows\system32\ntshrui.dll
0x000007fefd210000 - 0x000007fefd233000 	C:\Windows\system32\srvcli.dll
0x000007fefaea0000 - 0x000007fefaeab000 	C:\Windows\system32\slc.dll
0x000007fefb0b0000 - 0x000007fefb0dd000 	C:\Program Files\Common Files\Microsoft Shared\Ink\rtscom.dll

VM Arguments:
jvm_args: -agentpath:C:/Program Files/NetBeans 8.1/profiler/lib/deployed/jdk16/windows-amd64/profilerinterface.dll=C:\Program Files\NetBeans 8.1\profiler\lib,5140,10 -XX:+HeapDumpOnOutOfMemoryError -XX:HeapDumpPath=C:\Users\stefankoch\AppData\Local\NetBeans\Cache\8.1\mavencachedirs\1707034598\org-netbeans-modules-profiler -Djava.library.path=C:\Users\stefankoch\Documents\R\R-3.2.3\library\rJava\jri -Xms1g -Xmx5g 
java_command: com.mycompany.fxmltableview.gui.FXMLTableView
java_class_path (initial): C:\Users\stefankoch\Documents\NetBeansProjects\JavaFXTable\target\classes;C:\Users\stefankoch\.m2\repository\com\univocity\univocity-parsers\2.0.0\univocity-parsers-2.0.0.jar;C:\Users\stefankoch\.m2\repository\org\apache\commons\commons-math3\3.5\commons-math3-3.5.jar;C:\Users\stefankoch\.m2\repository\flanagan\flanagan\1.0\flanagan-1.0.jar;C:\Users\stefankoch\.m2\repository\org\controlsfx\controlsfx\8.40.10\controlsfx-8.40.10.jar;C:\Users\stefankoch\.m2\repository\org\apache\commons\commons-lang3\3.1\commons-lang3-3.1.jar;C:\Users\stefankoch\.m2\repository\JRI\JRI\0.9\JRI-0.9.jar;C:\Users\stefankoch\.m2\repository\commons-io\commons-io\1.3.2\commons-io-1.3.2.jar
Launcher Type: SUN_STANDARD

Environment Variables:
JAVA_HOME=C:\Program Files\Java\jdk1.8.0_74
PATH=C:\ProgramData\Oracle\Java\javapath;C:\Users\stefankoch\Downloads\apache-ant-1.9.6-bin\apache-ant-1.9.6\bin; C:\Xcalibur\system\programs;C:\Program Files (x86)\Thermo\Foundation;C:\Windows\system32;C:\Windows;C:\Windows\System32\Wbem;C:\Windows\System32\WindowsPowerShell\v1.0\;C:\Program Files (x86)\Novell\GroupWise;C:\Program Files\OpenMS-2.0\bin;C:\Program Files\OpenMS-2.0\share\OpenMS\THIRDPARTY\pwiz-bin;C:\Program Files\OpenMS-2.0\share\OpenMS\THIRDPARTY\64bit\OMSSA;C:\Program Files\OpenMS-2.0\share\OpenMS\THIRDPARTY\64bit\XTandem;C:\Program Files\OpenMS-2.0\share\OpenMS\THIRDPARTY\64bit\MyriMatch;C:\Program Files\OpenMS-2.0\share\OpenMS\THIRDPARTY\64bit\MSGFPlus;C:\Program Files\OpenMS-2.0\share\OpenMS\THIRDPARTY\64bit\Fido;C:\Program Files (x86)\maltcms-1.3.2-bin\maltcms-distribution-1.3.2\bin;C:\Program Files\Novell\iPrint;C:\Users\stefankoch\Downloads\maltcms-1.3.2-bin\maltcms-distribution-1.3.2\bin;C:\Program Files (x86)\Java\jre7\bin, C:\Users\stefankoch\Downloads\apache-ant-1.9.6-bin\apache-ant-1.9.6\bin; C:\Users\stefankoch\Documents\R\R-3.2.3\bin\x64; C:\Users\stefankoch\Documents\R\R-3.2.3\library\rJava\jri\ x64;Z:
USERNAME=stefankoch
OS=Windows_NT
PROCESSOR_IDENTIFIER=Intel64 Family 6 Model 23 Stepping 10, GenuineIntel



---------------  S Y S T E M  ---------------

OS: Windows 7 , 64 bit Build 7601 (6.1.7601.23418)

CPU:total 2 (2 cores per cpu, 1 threads per core) family 6 model 23 stepping 10, cmov, cx8, fxsr, mmx, sse, sse2, sse3, ssse3, sse4.1, tsc

Memory: 4k page, physical 8284316k(5516580k free), swap 16566772k(11387120k free)

vm_info: Java HotSpot(TM) 64-Bit Server VM (25.74-b02) for windows-amd64 JRE (1.8.0_74-b02), built on Jan 29 2016 17:42:36 by "java_re" with MS VC++ 10.0 (VS2010)

time: Mon Jun 20 14:18:46 2016
elapsed time: 16 seconds (0d 0h 0m 16s)

